# JRE version: 7.0_25-b15
# Java VM: Java HotSpot(TM) 64-Bit Server VM (23.25-b01 mixed mode bsd-amd64 compressed oops)
Heap
 PSYoungGen      total 45184K, used 21157K [0x00000007e4e00000, 0x00000007e7d80000, 0x0000000800000000)
  eden space 41728K, 42% used [0x00000007e4e00000,0x00000007e5f4fa38,0x00000007e76c0000)
  from space 3456K, 99% used [0x00000007e7a20000,0x00000007e7d79ac8,0x00000007e7d80000)
  to   space 3456K, 0% used [0x00000007e76c0000,0x00000007e76c0000,0x00000007e7a20000)
 ParOldGen       total 55552K, used 8066K [0x00000007aea00000, 0x00000007b2040000, 0x00000007e4e00000)
  object space 55552K, 14% used [0x00000007aea00000,0x00000007af1e09e0,0x00000007b2040000)
 PSPermGen       total 21248K, used 9679K [0x00000007a9800000, 0x00000007aacc0000, 0x00000007aea00000)
  object space 21248K, 45% used [0x00000007a9800000,0x00000007aa173c48,0x00000007aacc0000)
GC Heap History (8 events):
Event: 4.241 GC heap before
{Heap before GC invocations=1 (full 0):
 PSYoungGen      total 24320K, used 20829K [0x00000007e4e00000, 0x00000007e6920000, 0x0000000800000000)
  eden space 20864K, 99% used [0x00000007e4e00000,0x00000007e6257458,0x00000007e6260000)
  from space 3456K, 0% used [0x00000007e65c0000,0x00000007e65c0000,0x00000007e6920000)
  to   space 3456K, 0% used [0x00000007e6260000,0x00000007e6260000,0x00000007e65c0000)
 ParOldGen       total 55552K, used 0K [0x00000007aea00000, 0x00000007b2040000, 0x00000007e4e00000)
  object space 55552K, 0% used [0x00000007aea00000,0x00000007aea00000,0x00000007b2040000)
 PSPermGen       total 21248K, used 9458K [0x00000007a9800000, 0x00000007aacc0000, 0x00000007aea00000)
  object space 21248K, 44% used [0x00000007a9800000,0x00000007aa13c8f0,0x00000007aacc0000)
Event: 4.246 GC heap after
Heap after GC invocations=1 (full 0):
 PSYoungGen      total 24320K, used 3434K [0x00000007e4e00000, 0x00000007e6920000, 0x0000000800000000)
  eden space 20864K, 0% used [0x00000007e4e00000,0x00000007e4e00000,0x00000007e6260000)
  from space 3456K, 99% used [0x00000007e6260000,0x00000007e65ba8e0,0x00000007e65c0000)
  to   space 3456K, 0% used [0x00000007e65c0000,0x00000007e65c0000,0x00000007e6920000)
 ParOldGen       total 55552K, used 647K [0x00000007aea00000, 0x00000007b2040000, 0x00000007e4e00000)
  object space 55552K, 1% used [0x00000007aea00000,0x00000007aeaa1c00,0x00000007b2040000)
 PSPermGen       total 21248K, used 9458K [0x00000007a9800000, 0x00000007aacc0000, 0x00000007aea00000)
  object space 21248K, 44% used [0x00000007a9800000,0x00000007aa13c8f0,0x00000007aacc0000)
}
Event: 6.966 GC heap before
{Heap before GC invocations=2 (full 0):
 PSYoungGen      total 24320K, used 24298K [0x00000007e4e00000, 0x00000007e6920000, 0x0000000800000000)
  eden space 20864K, 100% used [0x00000007e4e00000,0x00000007e6260000,0x00000007e6260000)
  from space 3456K, 99% used [0x00000007e6260000,0x00000007e65ba8e0,0x00000007e65c0000)
  to   space 3456K, 0% used [0x00000007e65c0000,0x00000007e65c0000,0x00000007e6920000)
 ParOldGen       total 55552K, used 647K [0x00000007aea00000, 0x00000007b2040000, 0x00000007e4e00000)
  object space 55552K, 1% used [0x00000007aea00000,0x00000007aeaa1c00,0x00000007b2040000)
 PSPermGen       total 21248K, used 9532K [0x00000007a9800000, 0x00000007aacc0000, 0x00000007aea00000)
  object space 21248K, 44% used [0x00000007a9800000,0x00000007aa14f180,0x00000007aacc0000)
Event: 6.969 GC heap after
Heap after GC invocations=2 (full 0):
 PSYoungGen      total 24320K, used 3446K [0x00000007e4e00000, 0x00000007e6920000, 0x0000000800000000)
  eden space 20864K, 0% used [0x00000007e4e00000,0x00000007e4e00000,0x00000007e6260000)
  from space 3456K, 99% used [0x00000007e65c0000,0x00000007e691dad8,0x00000007e6920000)
  to   space 3456K, 0% used [0x00000007e6260000,0x00000007e6260000,0x00000007e65c0000)
 ParOldGen       total 55552K, used 4456K [0x00000007aea00000, 0x00000007b2040000, 0x00000007e4e00000)
  object space 55552K, 8% used [0x00000007aea00000,0x00000007aee5a0f0,0x00000007b2040000)
 PSPermGen       total 21248K, used 9532K [0x00000007a9800000, 0x00000007aacc0000, 0x00000007aea00000)
  object space 21248K, 44% used [0x00000007a9800000,0x00000007aa14f180,0x00000007aacc0000)
}
Event: 7.048 GC heap before
{Heap before GC invocations=3 (full 0):
 PSYoungGen      total 24320K, used 24310K [0x00000007e4e00000, 0x00000007e6920000, 0x0000000800000000)
  eden space 20864K, 100% used [0x00000007e4e00000,0x00000007e6260000,0x00000007e6260000)
  from space 3456K, 99% used [0x00000007e65c0000,0x00000007e691dad8,0x00000007e6920000)
  to   space 3456K, 0% used [0x00000007e6260000,0x00000007e6260000,0x00000007e65c0000)
 ParOldGen       total 55552K, used 4456K [0x00000007aea00000, 0x00000007b2040000, 0x00000007e4e00000)
  object space 55552K, 8% used [0x00000007aea00000,0x00000007aee5a0f0,0x00000007b2040000)
 PSPermGen       total 21248K, used 9569K [0x00000007a9800000, 0x00000007aacc0000, 0x00000007aea00000)
  object space 21248K, 45% used [0x00000007a9800000,0x00000007aa1585f8,0x00000007aacc0000)
Event: 7.050 GC heap after
Heap after GC invocations=3 (full 0):
 PSYoungGen      total 24320K, used 3430K [0x00000007e4e00000, 0x00000007e7d80000, 0x0000000800000000)
  eden space 20864K, 0% used [0x00000007e4e00000,0x00000007e4e00000,0x00000007e6260000)
  from space 3456K, 99% used [0x00000007e6260000,0x00000007e65b9ac8,0x00000007e65c0000)
  to   space 3456K, 0% used [0x00000007e7a20000,0x00000007e7a20000,0x00000007e7d80000)
 ParOldGen       total 55552K, used 8050K [0x00000007aea00000, 0x00000007b2040000, 0x00000007e4e00000)
  object space 55552K, 14% used [0x00000007aea00000,0x00000007af1dc9e0,0x00000007b2040000)
 PSPermGen       total 21248K, used 9569K [0x00000007a9800000, 0x00000007aacc0000, 0x00000007aea00000)
  object space 21248K, 45% used [0x00000007a9800000,0x00000007aa1585f8,0x00000007aacc0000)
}
Event: 7.119 GC heap before
{Heap before GC invocations=4 (full 0):
 PSYoungGen      total 24320K, used 24294K [0x00000007e4e00000, 0x00000007e7d80000, 0x0000000800000000)
  eden space 20864K, 100% used [0x00000007e4e00000,0x00000007e6260000,0x00000007e6260000)
  from space 3456K, 99% used [0x00000007e6260000,0x00000007e65b9ac8,0x00000007e65c0000)
  to   space 3456K, 0% used [0x00000007e7a20000,0x00000007e7a20000,0x00000007e7d80000)
 ParOldGen       total 55552K, used 8050K [0x00000007aea00000, 0x00000007b2040000, 0x00000007e4e00000)
  object space 55552K, 14% used [0x00000007aea00000,0x00000007af1dc9e0,0x00000007b2040000)
 PSPermGen       total 21248K, used 9591K [0x00000007a9800000, 0x00000007aacc0000, 0x00000007aea00000)
  object space 21248K, 45% used [0x00000007a9800000,0x00000007aa15dea0,0x00000007aacc0000)
Event: 7.123 GC heap after
Heap after GC invocations=4 (full 0):
 PSYoungGen      total 45184K, used 3430K [0x00000007e4e00000, 0x00000007e7d80000, 0x0000000800000000)
  eden space 41728K, 0% used [0x00000007e4e00000,0x00000007e4e00000,0x00000007e76c0000)
  from space 3456K, 99% used [0x00000007e7a20000,0x00000007e7d79ac8,0x00000007e7d80000)
  to   space 3456K, 0% used [0x00000007e76c0000,0x00000007e76c0000,0x00000007e7a20000)
 ParOldGen       total 55552K, used 8066K [0x00000007aea00000, 0x00000007b2040000, 0x00000007e4e00000)
  object space 55552K, 14% used [0x00000007aea00000,0x00000007af1e09e0,0x00000007b2040000)
 PSPermGen       total 21248K, used 9591K [0x00000007a9800000, 0x00000007aacc0000, 0x00000007aea00000)
  object space 21248K, 45% used [0x00000007a9800000,0x00000007aa15dea0,0x00000007aacc0000)
}

